{
  "0 debug pnpm:scope": {
    "selected": 1
  },
  "1 debug pnpm:package-manifest": {
    "initial": {
      "name": "rust-tests",
      "version": "1.0.0",
      "main": "index.js",
      "author": "Arslan <rslnkrmt2552@gmail.com>",
      "license": "MIT",
      "scripts": {
        "dev": "webpack-dev-server --mode development --port 9013",
        "build": "webpack --mode production"
      },
      "dependencies": {
        "rust-gl": "link:./pkg"
      },
      "devDependencies": {
        "@swc/core": "^1.2.106",
        "@wasm-tool/wasm-pack-plugin": "^1.6.0",
        "css-loader": "^6.5.0",
        "html-loader": "^3.0.0",
        "html-webpack-plugin": "^5.5.0",
        "style-loader": "^3.3.1",
        "swc-loader": "^0.1.15",
        "text-encoding": "^0.7.0",
        "typescript": "^4.4.4",
        "webpack": "^5.61.0",
        "webpack-cli": "^4.9.1",
        "webpack-dev-server": "^4.4.0"
      }
    },
    "prefix": "/mnt/Windows/rust-gl"
  },
  "2 debug pnpm:context": {
    "currentLockfileExists": false,
    "storeDir": "/mnt/Windows/.pnpm-store/v3",
    "virtualStoreDir": "/mnt/Windows/rust-gl/node_modules/.pnpm"
  },
  "3 debug pnpm:stage": {
    "prefix": "/mnt/Windows/rust-gl",
    "stage": "resolution_started"
  },
  "4 error pnpm": {
    "code": "ERR_PNPM_NO_IMPORTER_MANIFEST_FOUND",
    "pkgsStack": [],
    "err": {
      "name": "Error",
      "message": "No package.json (or package.yaml, or package.json5) was found in \"/mnt/Windows/rust-gl/pkg\".",
      "code": "ERR_PNPM_NO_IMPORTER_MANIFEST_FOUND",
      "stack": "Error: No package.json (or package.yaml, or package.json5) was found in \"/mnt/Windows/rust-gl/pkg\".\n    at readProjectManifest (/usr/lib/node_modules/pnpm/dist/pnpm.cjs:40586:13)\n    at async Object.readProjectManifestOnly (/usr/lib/node_modules/pnpm/dist/pnpm.cjs:40590:28)\n    at async Object.resolveLocal [as default] (/usr/lib/node_modules/pnpm/dist/pnpm.cjs:85747:35)\n    at async Object.resolve (/usr/lib/node_modules/pnpm/dist/pnpm.cjs:86624:309)\n    at async run (/usr/lib/node_modules/pnpm/dist/pnpm.cjs:71833:23)"
    }
  }
}